Compiled jquery.js  (2ms)  (pid 5718)
Compiled jquery_ujs.js  (0ms)  (pid 5718)
Compiled albums.js  (101ms)  (pid 5718)
Compiled bootstrap.js  (0ms)  (pid 5718)
Compiled bootstrap.min.js  (29ms)  (pid 5718)
Compiled comments.js  (1ms)  (pid 5718)
Compiled jquery.min.js  (0ms)  (pid 5718)
Compiled jquery.validate.min.js  (0ms)  (pid 5718)
Compiled photos.js  (0ms)  (pid 5718)
Compiled sessions.js  (0ms)  (pid 5718)
Compiled users.js  (0ms)  (pid 5718)
Compiled application.js  (216ms)  (pid 5718)
Compiled albums.css  (30ms)  (pid 5718)
Compiled bootstrap-responsive.css  (0ms)  (pid 5718)
Compiled bootstrap-responsive.min.css  (0ms)  (pid 5718)
Compiled bootstrap.css  (1ms)  (pid 5718)
Compiled bootstrap.min.css  (1ms)  (pid 5718)
Compiled comments.css  (2ms)  (pid 5718)
Compiled photos.css  (2ms)  (pid 5718)
Compiled sessions.css  (2ms)  (pid 5718)
Compiled users.css  (2ms)  (pid 5718)
Compiled application.css  (176ms)  (pid 5718)
Compiled jquery.js  (2ms)  (pid 5718)
Compiled jquery_ujs.js  (0ms)  (pid 5718)
Compiled albums.js  (80ms)  (pid 5718)
Compiled bootstrap.js  (0ms)  (pid 5718)
Compiled bootstrap.min.js  (0ms)  (pid 5718)
Compiled comments.js  (1ms)  (pid 5718)
Compiled jquery.min.js  (0ms)  (pid 5718)
Compiled jquery.validate.min.js  (0ms)  (pid 5718)
Compiled photos.js  (0ms)  (pid 5718)
Compiled sessions.js  (0ms)  (pid 5718)
Compiled users.js  (0ms)  (pid 5718)
Compiled application.js  (190ms)  (pid 5718)
Compiled albums.css  (35ms)  (pid 5718)
Compiled bootstrap-responsive.css  (0ms)  (pid 5718)
Compiled bootstrap-responsive.min.css  (0ms)  (pid 5718)
Compiled bootstrap.css  (0ms)  (pid 5718)
Compiled bootstrap.min.css  (0ms)  (pid 5718)
Compiled comments.css  (1ms)  (pid 5718)
Compiled photos.css  (1ms)  (pid 5718)
Compiled sessions.css  (1ms)  (pid 5718)
Compiled users.css  (1ms)  (pid 5718)
Compiled application.css  (96ms)  (pid 5718)
